<?xml version="1.0" encoding="UTF-8"?>
<!-- Generated by org.testng.reporters.JUnitReportReporter -->
<testsuite hostname="VSP-3GPYCL3" failures="0" tests="1" name="TestNgExamples.NewTest" time="0.006" errors="0" timestamp="2022-09-19T16:12:27 IST" skipped="0">
  <testcase classname="TestNgExamples.NewTest" name="f" time="0.006"/>
  <system-out/>
</testsuite> <!-- TestNgExamples.NewTest -->
