<?xml version="1.0" encoding="UTF-8"?>
<!-- Generated by org.testng.reporters.JUnitReportReporter -->
<testsuite hostname="VSP-3GPYCL3" failures="0" tests="1" name="Selenium4Features.TS_NewWindowTAB" time="16.614" errors="0" timestamp="2022-07-08T10:26:54 IST" skipped="0">
  <testcase classname="Selenium4Features.TS_NewWindowTAB" name="features" time="16.614"/>
  <system-out/>
</testsuite> <!-- Selenium4Features.TS_NewWindowTAB -->
