<?xml version="1.0" encoding="UTF-8"?>
<!-- Generated by org.testng.reporters.JUnitReportReporter -->
<testsuite hostname="VSP-3GPYCL3" failures="0" tests="1" name="TestNgExamples.TS_GoogleLaunch" time="6.031" errors="0" timestamp="2022-06-23T10:20:42 IST" skipped="0">
  <testcase classname="TestNgExamples.TS_GoogleLaunch" name="launchGoogle" time="6.031"/>
  <system-out/>
</testsuite> <!-- TestNgExamples.TS_GoogleLaunch -->
