<?xml version="1.0" encoding="UTF-8"?>
<!-- Generated by org.testng.reporters.JUnitReportReporter -->
<testsuite hostname="VSP-3GPYCL3" failures="0" tests="1" name="TestNgExamples.TS_Assertions" time="0.008" errors="0" timestamp="2022-06-28T12:26:28 IST" skipped="0">
  <testcase classname="TestNgExamples.TS_Assertions" name="hardassest" time="0.008"/>
  <system-out/>
</testsuite> <!-- TestNgExamples.TS_Assertions -->
