<?xml version="1.0" encoding="UTF-8"?>
<!-- Generated by org.testng.reporters.JUnitReportReporter -->
<testsuite hostname="VSP-3GPYCL3" failures="0" tests="1" name="TestNgExamples.Test2" time="0.008" errors="0" timestamp="2022-06-23T10:15:55 IST" skipped="0">
  <testcase classname="TestNgExamples.Test2" name="t2" time="0.008"/>
  <system-out/>
</testsuite> <!-- TestNgExamples.Test2 -->
