<?xml version="1.0" encoding="UTF-8"?>
<!-- Generated by org.testng.reporters.JUnitReportReporter -->
<testsuite hostname="VSP-3GPYCL3" failures="0" tests="1" name="TestNgExamples.test3" time="0.006" errors="0" timestamp="2022-07-11T18:28:21 IST" skipped="0">
  <testcase classname="TestNgExamples.test3" name="t3" time="0.006"/>
  <system-out/>
</testsuite> <!-- TestNgExamples.test3 -->
