<?xml version="1.0" encoding="UTF-8"?>
<!-- Generated by org.testng.reporters.JUnitReportReporter -->
<testsuite hostname="VSP-3GPYCL3" failures="0" tests="1" name="TestNgExamples.WebTable" time="10.326" errors="0" timestamp="2022-07-12T11:28:44 IST" skipped="0">
  <testcase classname="TestNgExamples.WebTable" name="f" time="10.326"/>
  <system-out/>
</testsuite> <!-- TestNgExamples.WebTable -->
