<?xml version="1.0" encoding="UTF-8"?>
<!-- Generated by org.testng.reporters.JUnitReportReporter -->
<testsuite hostname="VSP-3GPYCL3" failures="0" tests="1" name="TestNgExamples.Test1" time="0.006" errors="0" timestamp="2022-06-23T10:14:41 IST" skipped="0">
  <testcase classname="TestNgExamples.Test1" name="t1" time="0.006"/>
  <system-out/>
</testsuite> <!-- TestNgExamples.Test1 -->
