<?xml version="1.0" encoding="UTF-8"?>
<!-- Generated by org.testng.reporters.JUnitReportReporter -->
<testsuite hostname="VSP-3GPYCL3" failures="0" tests="3" name="TestNgExamples.TS_DataProvider" time="0.015" errors="0" timestamp="2022-10-11T16:36:15 IST" skipped="0">
  <testcase classname="TestNgExamples.TS_DataProvider" name="f" time="0.015"/>
  <system-out/>
  <testcase classname="TestNgExamples.TS_DataProvider" name="f" time="0.000"/>
  <system-out/>
  <testcase classname="TestNgExamples.TS_DataProvider" name="f" time="0.000"/>
  <system-out/>
</testsuite> <!-- TestNgExamples.TS_DataProvider -->
