<?xml version="1.0" encoding="UTF-8"?>
<!-- Generated by org.testng.reporters.JUnitReportReporter -->
<testsuite hostname="VSP-3GPYCL3" failures="0" tests="1" name="TestNgExamples.RadioBtn" time="10.740" errors="0" timestamp="2022-10-11T12:41:34 IST" skipped="0">
  <testcase classname="TestNgExamples.RadioBtn" name="f" time="10.740"/>
  <system-out/>
</testsuite> <!-- TestNgExamples.RadioBtn -->
