<?xml version="1.0" encoding="UTF-8"?>
<!-- Generated by org.testng.reporters.JUnitReportReporter -->
<testsuite hostname="VSP-3GPYCL3" failures="0" tests="1" name="TestNgExamples.TS_DragDrop" time="11.147" errors="0" timestamp="2022-06-24T11:20:39 IST" skipped="0">
  <testcase classname="TestNgExamples.TS_DragDrop" name="f" time="11.147"/>
  <system-out/>
</testsuite> <!-- TestNgExamples.TS_DragDrop -->
