<?xml version="1.0" encoding="UTF-8"?>
<!-- Generated by org.testng.reporters.JUnitReportReporter -->
<testsuite hostname="VSP-3GPYCL3" failures="0" tests="3" name="database.connection.NewTest" time="2.647" errors="0" timestamp="2022-11-01T17:12:53 IST" skipped="0">
  <testcase classname="database.connection.NewTest" name="f" time="1.445"/>
  <system-out/>
  <testcase classname="database.connection.NewTest" name="f" time="0.234"/>
  <system-out/>
  <testcase classname="database.connection.NewTest" name="f" time="0.968"/>
  <system-out/>
</testsuite> <!-- database.connection.NewTest -->
