<?xml version="1.0" encoding="UTF-8"?>
<!-- Generated by org.testng.reporters.JUnitReportReporter -->
<testsuite hostname="VSP-3GPYCL3" failures="0" tests="2" name="mainscript.Testparaalel" time="20.316" errors="0" timestamp="2022-11-09T10:58:01 IST" skipped="0">
  <testcase classname="mainscript.Testparaalel" name="f2" time="9.798"/>
  <system-out/>
  <testcase classname="mainscript.Testparaalel" name="f1" time="10.518"/>
  <system-out/>
</testsuite> <!-- mainscript.Testparaalel -->
